<?xml version="1.0" encoding="UTF-8"?>
<testsuite xmlns:xsi="http://www.w3.org/2001/XMLSchema-instance" xsi:noNamespaceSchemaLocation="https://maven.apache.org/surefire/maven-surefire-plugin/xsd/surefire-test-report.xsd" name="spark.user.services.UserStorageServiceTest" time="1.523" tests="4" errors="0" skipped="0" failures="0">
  <properties>
    <property name="sun.desktop" value="windows"/>
    <property name="awt.toolkit" value="sun.awt.windows.WToolkit"/>
    <property name="java.specification.version" value="11"/>
    <property name="sun.cpu.isalist" value="pentium_pro+mmx pentium_pro pentium+mmx pentium i486 i386 i86"/>
    <property name="sun.jnu.encoding" value="Cp1252"/>
    <property name="java.class.path" value="C:\Users\thaabit-jacobs\Desktop\projects\spark-demo\target\test-classes;C:\Users\thaabit-jacobs\Desktop\projects\spark-demo\target\classes;C:\Users\thaabit-jacobs\.m2\repository\org\junit\jupiter\junit-jupiter-api\5.4.0\junit-jupiter-api-5.4.0.jar;C:\Users\thaabit-jacobs\.m2\repository\org\apiguardian\apiguardian-api\1.0.0\apiguardian-api-1.0.0.jar;C:\Users\thaabit-jacobs\.m2\repository\org\opentest4j\opentest4j\1.1.1\opentest4j-1.1.1.jar;C:\Users\thaabit-jacobs\.m2\repository\org\junit\platform\junit-platform-commons\1.4.0\junit-platform-commons-1.4.0.jar;C:\Users\thaabit-jacobs\.m2\repository\org\junit\jupiter\junit-jupiter-engine\5.4.0\junit-jupiter-engine-5.4.0.jar;C:\Users\thaabit-jacobs\.m2\repository\org\junit\platform\junit-platform-engine\1.4.0\junit-platform-engine-1.4.0.jar;C:\Users\thaabit-jacobs\.m2\repository\com\h2database\h2\1.4.199\h2-1.4.199.jar;C:\Users\thaabit-jacobs\.m2\repository\com\sparkjava\spark-core\2.5.4\spark-core-2.5.4.jar;C:\Users\thaabit-jacobs\.m2\repository\org\slf4j\slf4j-api\1.7.13\slf4j-api-1.7.13.jar;C:\Users\thaabit-jacobs\.m2\repository\org\eclipse\jetty\jetty-server\9.3.6.v20151106\jetty-server-9.3.6.v20151106.jar;C:\Users\thaabit-jacobs\.m2\repository\javax\servlet\javax.servlet-api\3.1.0\javax.servlet-api-3.1.0.jar;C:\Users\thaabit-jacobs\.m2\repository\org\eclipse\jetty\jetty-http\9.3.6.v20151106\jetty-http-9.3.6.v20151106.jar;C:\Users\thaabit-jacobs\.m2\repository\org\eclipse\jetty\jetty-util\9.3.6.v20151106\jetty-util-9.3.6.v20151106.jar;C:\Users\thaabit-jacobs\.m2\repository\org\eclipse\jetty\jetty-io\9.3.6.v20151106\jetty-io-9.3.6.v20151106.jar;C:\Users\thaabit-jacobs\.m2\repository\org\eclipse\jetty\jetty-webapp\9.3.6.v20151106\jetty-webapp-9.3.6.v20151106.jar;C:\Users\thaabit-jacobs\.m2\repository\org\eclipse\jetty\jetty-xml\9.3.6.v20151106\jetty-xml-9.3.6.v20151106.jar;C:\Users\thaabit-jacobs\.m2\repository\org\eclipse\jetty\jetty-servlet\9.3.6.v20151106\jetty-servlet-9.3.6.v20151106.jar;C:\Users\thaabit-jacobs\.m2\repository\org\eclipse\jetty\jetty-security\9.3.6.v20151106\jetty-security-9.3.6.v20151106.jar;C:\Users\thaabit-jacobs\.m2\repository\org\eclipse\jetty\websocket\websocket-server\9.3.6.v20151106\websocket-server-9.3.6.v20151106.jar;C:\Users\thaabit-jacobs\.m2\repository\org\eclipse\jetty\websocket\websocket-common\9.3.6.v20151106\websocket-common-9.3.6.v20151106.jar;C:\Users\thaabit-jacobs\.m2\repository\org\eclipse\jetty\websocket\websocket-client\9.3.6.v20151106\websocket-client-9.3.6.v20151106.jar;C:\Users\thaabit-jacobs\.m2\repository\org\eclipse\jetty\websocket\websocket-servlet\9.3.6.v20151106\websocket-servlet-9.3.6.v20151106.jar;C:\Users\thaabit-jacobs\.m2\repository\org\eclipse\jetty\websocket\websocket-api\9.3.6.v20151106\websocket-api-9.3.6.v20151106.jar;C:\Users\thaabit-jacobs\.m2\repository\com\google\code\gson\gson\2.8.0\gson-2.8.0.jar;"/>
    <property name="java.vm.vendor" value="BellSoft"/>
    <property name="sun.arch.data.model" value="32"/>
    <property name="user.variant" value=""/>
    <property name="java.vendor.url" value="https://bell-sw.com/"/>
    <property name="user.timezone" value="Africa/Harare"/>
    <property name="java.vm.specification.version" value="11"/>
    <property name="os.name" value="Windows 7"/>
    <property name="sun.java.launcher" value="SUN_STANDARD"/>
    <property name="user.country" value="US"/>
    <property name="sun.boot.library.path" value="C:\Program Files\BellSoft\LibericaJDK-11\bin"/>
    <property name="sun.java.command" value="C:\Users\THAABI~1\AppData\Local\Temp\surefire10528590675919143105\surefirebooter2613726181251211781.jar C:\Users\thaabit-jacobs\AppData\Local\Temp\surefire10528590675919143105 2020-07-28T17-48-40_266-jvmRun1 surefire9150579177387511930tmp surefire_012867354173689159041tmp"/>
    <property name="jdk.debug" value="release"/>
    <property name="surefire.test.class.path" value="C:\Users\thaabit-jacobs\Desktop\projects\spark-demo\target\test-classes;C:\Users\thaabit-jacobs\Desktop\projects\spark-demo\target\classes;C:\Users\thaabit-jacobs\.m2\repository\org\junit\jupiter\junit-jupiter-api\5.4.0\junit-jupiter-api-5.4.0.jar;C:\Users\thaabit-jacobs\.m2\repository\org\apiguardian\apiguardian-api\1.0.0\apiguardian-api-1.0.0.jar;C:\Users\thaabit-jacobs\.m2\repository\org\opentest4j\opentest4j\1.1.1\opentest4j-1.1.1.jar;C:\Users\thaabit-jacobs\.m2\repository\org\junit\platform\junit-platform-commons\1.4.0\junit-platform-commons-1.4.0.jar;C:\Users\thaabit-jacobs\.m2\repository\org\junit\jupiter\junit-jupiter-engine\5.4.0\junit-jupiter-engine-5.4.0.jar;C:\Users\thaabit-jacobs\.m2\repository\org\junit\platform\junit-platform-engine\1.4.0\junit-platform-engine-1.4.0.jar;C:\Users\thaabit-jacobs\.m2\repository\com\h2database\h2\1.4.199\h2-1.4.199.jar;C:\Users\thaabit-jacobs\.m2\repository\com\sparkjava\spark-core\2.5.4\spark-core-2.5.4.jar;C:\Users\thaabit-jacobs\.m2\repository\org\slf4j\slf4j-api\1.7.13\slf4j-api-1.7.13.jar;C:\Users\thaabit-jacobs\.m2\repository\org\eclipse\jetty\jetty-server\9.3.6.v20151106\jetty-server-9.3.6.v20151106.jar;C:\Users\thaabit-jacobs\.m2\repository\javax\servlet\javax.servlet-api\3.1.0\javax.servlet-api-3.1.0.jar;C:\Users\thaabit-jacobs\.m2\repository\org\eclipse\jetty\jetty-http\9.3.6.v20151106\jetty-http-9.3.6.v20151106.jar;C:\Users\thaabit-jacobs\.m2\repository\org\eclipse\jetty\jetty-util\9.3.6.v20151106\jetty-util-9.3.6.v20151106.jar;C:\Users\thaabit-jacobs\.m2\repository\org\eclipse\jetty\jetty-io\9.3.6.v20151106\jetty-io-9.3.6.v20151106.jar;C:\Users\thaabit-jacobs\.m2\repository\org\eclipse\jetty\jetty-webapp\9.3.6.v20151106\jetty-webapp-9.3.6.v20151106.jar;C:\Users\thaabit-jacobs\.m2\repository\org\eclipse\jetty\jetty-xml\9.3.6.v20151106\jetty-xml-9.3.6.v20151106.jar;C:\Users\thaabit-jacobs\.m2\repository\org\eclipse\jetty\jetty-servlet\9.3.6.v20151106\jetty-servlet-9.3.6.v20151106.jar;C:\Users\thaabit-jacobs\.m2\repository\org\eclipse\jetty\jetty-security\9.3.6.v20151106\jetty-security-9.3.6.v20151106.jar;C:\Users\thaabit-jacobs\.m2\repository\org\eclipse\jetty\websocket\websocket-server\9.3.6.v20151106\websocket-server-9.3.6.v20151106.jar;C:\Users\thaabit-jacobs\.m2\repository\org\eclipse\jetty\websocket\websocket-common\9.3.6.v20151106\websocket-common-9.3.6.v20151106.jar;C:\Users\thaabit-jacobs\.m2\repository\org\eclipse\jetty\websocket\websocket-client\9.3.6.v20151106\websocket-client-9.3.6.v20151106.jar;C:\Users\thaabit-jacobs\.m2\repository\org\eclipse\jetty\websocket\websocket-servlet\9.3.6.v20151106\websocket-servlet-9.3.6.v20151106.jar;C:\Users\thaabit-jacobs\.m2\repository\org\eclipse\jetty\websocket\websocket-api\9.3.6.v20151106\websocket-api-9.3.6.v20151106.jar;C:\Users\thaabit-jacobs\.m2\repository\com\google\code\gson\gson\2.8.0\gson-2.8.0.jar;"/>
    <property name="sun.cpu.endian" value="little"/>
    <property name="user.home" value="C:\Users\thaabit-jacobs"/>
    <property name="user.language" value="en"/>
    <property name="java.specification.vendor" value="Oracle Corporation"/>
    <property name="java.version.date" value="2020-07-14"/>
    <property name="java.home" value="C:\Program Files\BellSoft\LibericaJDK-11"/>
    <property name="file.separator" value="\"/>
    <property name="basedir" value="C:\Users\thaabit-jacobs\Desktop\projects\spark-demo"/>
    <property name="line.separator" value="&#10;"/>
    <property name="java.specification.name" value="Java Platform API Specification"/>
    <property name="java.vm.specification.vendor" value="Oracle Corporation"/>
    <property name="java.awt.graphicsenv" value="sun.awt.Win32GraphicsEnvironment"/>
    <property name="surefire.real.class.path" value="C:\Users\THAABI~1\AppData\Local\Temp\surefire10528590675919143105\surefirebooter2613726181251211781.jar"/>
    <property name="user.script" value=""/>
    <property name="sun.management.compiler" value="HotSpot Client Compiler"/>
    <property name="java.runtime.version" value="11.0.8+10-LTS"/>
    <property name="user.name" value="thaabit-jacobs"/>
    <property name="path.separator" value=";"/>
    <property name="os.version" value="6.1"/>
    <property name="java.runtime.name" value="OpenJDK Runtime Environment"/>
    <property name="file.encoding" value="Cp1252"/>
    <property name="java.vm.name" value="OpenJDK 32-Bit Client VM"/>
    <property name="localRepository" value="C:\Users\thaabit-jacobs\.m2\repository"/>
    <property name="java.vendor.url.bug" value="https://bell-sw.com/support"/>
    <property name="java.io.tmpdir" value="C:\Users\THAABI~1\AppData\Local\Temp\"/>
    <property name="java.version" value="11.0.8"/>
    <property name="user.dir" value="C:\Users\thaabit-jacobs\Desktop\projects\spark-demo"/>
    <property name="os.arch" value="x86"/>
    <property name="java.vm.specification.name" value="Java Virtual Machine Specification"/>
    <property name="java.awt.printerjob" value="sun.awt.windows.WPrinterJob"/>
    <property name="sun.os.patch.level" value="Service Pack 1"/>
    <property name="java.library.path" value="C:\Program Files\BellSoft\LibericaJDK-11\bin;C:\Windows\Sun\Java\bin;C:\Windows\system32;C:\Windows;C:\Program Files\Java\jdk-11.0.7+10\bin;C:\Program Files\BellSoft\LibericaJDK-11\bin\;C:\Program Files\AdoptOpenJDK\jdk-13.0.2.8-hotspot\bin;C:\Program Files\Common Files\Oracle\Java\javapath;C:\Windows\system32;C:\Windows;C:\Windows\System32\Wbem;C:\Windows\System32\WindowsPowerShell\v1.0\;C:\Program Files\Git\cmd;C:\Program Files\GtkSharp\2.12\bin;C:\Program Files\Java\jdk1.8.0_241\bin;C:\Users\thaabit-jacobs\AppData\Local\Programs\Python\Python38-32\Scripts\;C:\Users\thaabit-jacobs\AppData\Local\Programs\Python\Python38-32\;C:\Program Files\Java\OpenJDK11U-jdk_x86-32_windows_hotspot_11.0.7_10\jdk-11.0.7+10\bin;C:\Users\thaabit-jacobs\Documents\java\apache-maven-3.6.3\bin;C:\Spark\spark-2.4.6-bin-hadoop2.7;C:\Hadoop\bin;C:\Spark\Spark\bin;C:\Hadoop\Downloads\scala-2.13.3\bin;C:\Program Files\nodejs\;C:\Program Files\Java\jdk-11.0.7+10\bin;C:\Users\thaabit-jacobs\Documents\java\jdk and editor\jdk-11.0.7+10\bin;C:\Users\thaabit-jacobs\AppData\Local\Programs\Python\Python38-32\Scripts\;C:\Users\thaabit-jacobs\AppData\Local\Programs\Python\Python38-32\;C:\Users\thaabit-jacobs\Documents\java\apache-maven-3.6.3\bin;C:\Spark\Spark;C:\Hadoop\bin;C:\Hadoop\Downloads\scala-2.13.3\bin;C:\Users\thaabit-jacobs\AppData\Local\Programs\Microsoft VS Code\bin;C:\Users\thaabit-jacobs\AppData\Roaming\npm;."/>
    <property name="java.vm.info" value="mixed mode"/>
    <property name="java.vendor" value="BellSoft"/>
    <property name="java.vm.version" value="11.0.8+10-LTS"/>
    <property name="sun.io.unicode.encoding" value="UnicodeLittle"/>
    <property name="java.class.version" value="55.0"/>
  </properties>
  <testcase name="shouldReturnArrayListOfAllUsers" classname="spark.user.services.UserStorageServiceTest" time="0.253"/>
  <testcase name="shouldAddUserToDataBase" classname="spark.user.services.UserStorageServiceTest" time="0.26"/>
  <testcase name="shouldReturnForUserExists" classname="spark.user.services.UserStorageServiceTest" time="0.207"/>
  <testcase name="shouldDeleteUser" classname="spark.user.services.UserStorageServiceTest" time="0.233"/>
</testsuite>